#
# A fatal error has been detected by the Java Runtime Environment:
#
#  EXCEPTION_ACCESS_VIOLATION (0xc0000005) at pc=0x0000000061aebd50, pid=98076, tid=100632
#
# JRE version: Java(TM) SE Runtime Environment (9.0+11) (build 9.0.1+11)
# Java VM: Java HotSpot(TM) 64-Bit Server VM (9.0.1+11, mixed mode, tiered, compressed oops, g1 gc, windows-amd64)
# Problematic frame:
# V  [jvm.dll+0x32bd50]
#
# No core dump will be written. Minidumps are not enabled by default on client versions of Windows
#
# If you would like to submit a bug report, please visit:
#   http://bugreport.java.com/bugreport/crash.jsp
#

---------------  S U M M A R Y ------------

Command Line: -agentlib:jdwp=transport=dt_socket,suspend=y,address=localhost:53447 -Dfile.encoding=Cp1255 myMath.Polynom

Host: Intel(R) Core(TM) i5-7200U CPU @ 2.50GHz, 4 cores, 7G,  Windows 10 , 64 bit Build 17134 (10.0.17134.1)
Time: Thu Nov 01 17:19:54 2018 ???? ???? ??????? elapsed time: 19692 seconds (0d 5h 28m 12s)

---------------  T H R E A D  ---------------

Current thread (0x00000257f9971000):  VMThread "VM Thread" [stack: 0x000000a35f900000,0x000000a35fa00000] [id=100632]

Stack: [0x000000a35f900000,0x000000a35fa00000],  sp=0x000000a35f9fe8a0,  free space=1018k
Native frames: (J=compiled Java code, j=interpreted, Vv=VM code, C=native code)
V  [jvm.dll+0x32bd50]
V  [jvm.dll+0x327708]
V  [jvm.dll+0x34200f]
V  [jvm.dll+0x34522d]
V  [jvm.dll+0x2968e0]
V  [jvm.dll+0x2969d9]
V  [jvm.dll+0x2f8671]
V  [jvm.dll+0x2f7426]
V  [jvm.dll+0x2f57cb]
V  [jvm.dll+0x2f67b0]
V  [jvm.dll+0x57849c]
V  [jvm.dll+0x57876c]
V  [jvm.dll+0x578613]
V  [jvm.dll+0x578e0c]
V  [jvm.dll+0x546f8a]
V  [jvm.dll+0x465261]
V  [jvm.dll+0x6a34eb]
V  [jvm.dll+0x6a1c85]
V  [jvm.dll+0x6a2461]
V  [jvm.dll+0x6a274c]
V  [jvm.dll+0x5864e0]
C  [msvcr120.dll+0x24f7f]
C  [msvcr120.dll+0x25126]
C  [KERNEL32.DLL+0x13034]
C  [ntdll.dll+0x71461]


siginfo: EXCEPTION_ACCESS_VIOLATION (0xc0000005), reading address 0xffffffffffffffff


Register to memory mapping:

RIP=0x0000000061aebd50 jvm.dll
RAX=0x0001657269757163 is an unknown value
RBX=0x00000257f9971000 is an unknown value
RCX=0x00000001000016d0 is pointing into metadata
RDX=0x0001657269757163 is an unknown value
RSP=0x000000a35f9fe8a0 is an unknown value
RBP=0x0000000000000003 is an unknown value
RSI=0x000000a35f9fe960 is an unknown value
RDI=0x0000000000000000 is an unknown value
R8 =0x00000257f9971000 is an unknown value
R9 =0x0001657269757163 is an unknown value
R10=0x000000000000006e is an unknown value
R11=0x000000000000006e is an unknown value
R12=0x0000000000000000 is an unknown value
R13=0x00000000000003d8 is an unknown value
R14=0x000000000000004c is an unknown value
R15=0x0000000000000001 is an unknown value


Registers:
RAX=0x0001657269757163, RBX=0x00000257f9971000, RCX=0x00000001000016d0, RDX=0x0001657269757163
RSP=0x000000a35f9fe8a0, RBP=0x0000000000000003, RSI=0x000000a35f9fe960, RDI=0x0000000000000000
R8 =0x00000257f9971000, R9 =0x0001657269757163, R10=0x000000000000006e, R11=0x000000000000006e
R12=0x0000000000000000, R13=0x00000000000003d8, R14=0x000000000000004c, R15=0x0000000000000001
RIP=0x0000000061aebd50, EFLAGS=0x0000000000010246

Top of Stack: (sp=0x000000a35f9fe8a0)
0x000000a35f9fe8a0:   00000001000016d0 0000000000000003
0x000000a35f9fe8b0:   0000000000000000 00000257f9971000
0x000000a35f9fe8c0:   0000000000000000 0000000061ae7708
0x000000a35f9fe8d0:   00000001000016d0 00000257f9971000
0x000000a35f9fe8e0:   000000a35f9fe960 00000257f9971000
0x000000a35f9fe8f0:   000000a35f9fe9d0 0000000061b0200f
0x000000a35f9fe900:   00000257f9971000 0000000061ab40d6
0x000000a35f9fe910:   0000000000000000 000000a35f9feef0
0x000000a35f9fe920:   00000257f99357d8 00000257f9051910
0x000000a35f9fe930:   000000a35f9fe9d0 0000000061b0522d
0x000000a35f9fe940:   0000000061f5ba20 000000a35f9feb30
0x000000a35f9fe950:   000000000000004c 000000000000000e
0x000000a35f9fe960:   000000a35f9fe980 0000025700000003
0x000000a35f9fe970:   00000257f9971000 000000a35f9feb30
0x000000a35f9fe980:   0000000000000000 0000000061a568e0
0x000000a35f9fe990:   000000a35f9feb20 000000002fffff01 

Instructions: (pc=0x0000000061aebd50)
0x0000000061aebd30:   8b d8 e8 c9 89 d8 ff 48 83 7b 08 00 4c 8b c8 74
0x0000000061aebd40:   04 33 ff eb 23 80 3d c9 ac 62 00 00 74 05 33 ff
0x0000000061aebd50:   89 78 0c 48 8d 4d fe 48 8d 78 10 48 85 c9 74 05
0x0000000061aebd60:   33 c0 f3 48 ab 49 8b f9 48 83 7b 08 00 48 8b 74 


VM_Operation (0x000000a3603ff220): GetOrSetLocal, mode: safepoint, requested by thread 0x00000257f9ceb800


---------------  P R O C E S S  ---------------

Java Threads: ( => current thread )
  0x00000257f9cfd000 JavaThread "Service Thread" daemon [_thread_blocked, id=99844, stack(0x000000a360600000,0x000000a360700000)]
  0x00000257f9cf0000 JavaThread "JDWP Command Reader" daemon [_thread_in_native, id=100236, stack(0x000000a360500000,0x000000a360600000)]
  0x00000257f9cef000 JavaThread "JDWP Event Helper Thread" daemon [_thread_blocked, id=100304, stack(0x000000a360400000,0x000000a360500000)]
  0x00000257f9ceb800 JavaThread "JDWP Transport Listener: dt_socket" daemon [_thread_blocked, id=101800, stack(0x000000a360300000,0x000000a360400000)]
  0x00000257f9bc8800 JavaThread "Common-Cleaner" daemon [_thread_blocked, id=100244, stack(0x000000a360200000,0x000000a360300000)]
  0x00000257f99d2000 JavaThread "Sweeper thread" daemon [_thread_blocked, id=100132, stack(0x000000a360100000,0x000000a360200000)]
  0x00000257f99d0800 JavaThread "C1 CompilerThread2" daemon [_thread_blocked, id=100616, stack(0x000000a360000000,0x000000a360100000)]
  0x00000257f99cc800 JavaThread "C2 CompilerThread1" daemon [_thread_blocked, id=95796, stack(0x000000a35ff00000,0x000000a360000000)]
  0x00000257f99c5800 JavaThread "C2 CompilerThread0" daemon [_thread_blocked, id=94168, stack(0x000000a35fe00000,0x000000a35ff00000)]
  0x00000257f99b3800 JavaThread "Attach Listener" daemon [_thread_blocked, id=88344, stack(0x000000a35fd00000,0x000000a35fe00000)]
  0x00000257f99b1800 JavaThread "Signal Dispatcher" daemon [_thread_blocked, id=93364, stack(0x000000a35fc00000,0x000000a35fd00000)]
  0x00000257f99ad000 JavaThread "Finalizer" daemon [_thread_blocked, id=79584, stack(0x000000a35fb00000,0x000000a35fc00000)]
  0x00000257f9975000 JavaThread "Reference Handler" daemon [_thread_blocked, id=94200, stack(0x000000a35fa00000,0x000000a35fb00000)]
  0x00000257da09e800 JavaThread "main" [_thread_blocked, id=75888, stack(0x000000a35ed00000,0x000000a35ee00000)]

Other Threads:
=>0x00000257f9971000 VMThread "VM Thread" [stack: 0x000000a35f900000,0x000000a35fa00000] [id=100632]
  0x00000257f9d02800 WatcherThread [stack: 0x000000a360700000,0x000000a360800000] [id=95772]
  0x00000257da0b6000 GCTaskThread "GC Thread#0" [stack: 0x000000a35ee00000,0x000000a35ef00000] [id=97208]
  0x00000257da0b7000 GCTaskThread "GC Thread#1" [stack: 0x000000a35ef00000,0x000000a35f000000] [id=74656]
  0x00000257da0b9000 GCTaskThread "GC Thread#2" [stack: 0x000000a35f000000,0x000000a35f100000] [id=88884]
  0x00000257da0bc000 GCTaskThread "GC Thread#3" [stack: 0x000000a35f100000,0x000000a35f200000] [id=100500]
  0x00000257da140000 ConcurrentGCThread "G1 Main Marker" [stack: 0x000000a35f700000,0x000000a35f800000] [id=30552]
  0x00000257da141000 ConcurrentGCThread "G1 Marker#0" [stack: 0x000000a35f800000,0x000000a35f900000] [id=79392]
  0x00000257da0c7800 ConcurrentGCThread "G1 Refine#0" [stack: 0x000000a35f500000,0x000000a35f600000] [id=100956]
  0x00000257da0c6800 ConcurrentGCThread "G1 Refine#1" [stack: 0x000000a35f400000,0x000000a35f500000] [id=89804]
  0x00000257da0ca800 ConcurrentGCThread "G1 Refine#2" [stack: 0x000000a35f300000,0x000000a35f400000] [id=98240]
  0x00000257da0be800 ConcurrentGCThread "G1 Refine#3" [stack: 0x000000a35f200000,0x000000a35f300000] [id=101064]
  0x00000257da0da800 ConcurrentGCThread "G1 Young RemSet Sampling" [stack: 0x000000a35f600000,0x000000a35f700000] [id=101200]

Threads with active compile tasks:

VM state:at safepoint (normal execution)

VM Mutex/Monitor currently owned by a thread:  ([mutex/lock_event])
[0x00000257da09d2c0] Threads_lock - owner thread: 0x00000257f9971000

Heap address: 0x0000000081800000, size: 2024 MB, Compressed Oops mode: 32-bit
Narrow klass base: 0x0000000000000000, Narrow klass shift: 3
Compressed class space size: 1073741824 Address: 0x0000000100000000

Heap:
 garbage-first heap   total 131072K, used 1024K [0x0000000081800000, 0x0000000081900400, 0x0000000100000000)
  region size 1024K, 2 young (2048K), 0 survivors (0K)
 Metaspace       used 3934K, capacity 4664K, committed 4864K, reserved 1056768K
  class space    used 397K, capacity 424K, committed 512K, reserved 1048576K
Heap Regions: E=young(eden), S=young(survivor), O=old, HS=humongous(starts), HC=humongous(continues), CS=collection set, F=free, A=archive, TS=gc time stamp, AC=allocation context, TAMS=top-at-mark-start (previous, next)
|   0|0x0000000081800000, 0x0000000081800000, 0x0000000081900000|  0%| F|  |TS  0|AC  0|TAMS 0x0000000081800000, 0x0000000081800000|
|   1|0x0000000081900000, 0x0000000081900000, 0x0000000081a00000|  0%| F|  |TS  0|AC  0|TAMS 0x0000000081900000, 0x0000000081900000|
|   2|0x0000000081a00000, 0x0000000081a00000, 0x0000000081b00000|  0%| F|  |TS  0|AC  0|TAMS 0x0000000081a00000, 0x0000000081a00000|
|   3|0x0000000081b00000, 0x0000000081b00000, 0x0000000081c00000|  0%| F|  |TS  0|AC  0|TAMS 0x0000000081b00000, 0x0000000081b00000|
|   4|0x0000000081c00000, 0x0000000081c00000, 0x0000000081d00000|  0%| F|  |TS  0|AC  0|TAMS 0x0000000081c00000, 0x0000000081c00000|
|   5|0x0000000081d00000, 0x0000000081d00000, 0x0000000081e00000|  0%| F|  |TS  0|AC  0|TAMS 0x0000000081d00000, 0x0000000081d00000|
|   6|0x0000000081e00000, 0x0000000081e00000, 0x0000000081f00000|  0%| F|  |TS  0|AC  0|TAMS 0x0000000081e00000, 0x0000000081e00000|
|   7|0x0000000081f00000, 0x0000000081f00000, 0x0000000082000000|  0%| F|  |TS  0|AC  0|TAMS 0x0000000081f00000, 0x0000000081f00000|
|   8|0x0000000082000000, 0x0000000082000000, 0x0000000082100000|  0%| F|  |TS  0|AC  0|TAMS 0x0000000082000000, 0x0000000082000000|
|   9|0x0000000082100000, 0x0000000082100000, 0x0000000082200000|  0%| F|  |TS  0|AC  0|TAMS 0x0000000082100000, 0x0000000082100000|
|  10|0x0000000082200000, 0x0000000082200000, 0x0000000082300000|  0%| F|  |TS  0|AC  0|TAMS 0x0000000082200000, 0x0000000082200000|
|  11|0x0000000082300000, 0x0000000082300000, 0x0000000082400000|  0%| F|  |TS  0|AC  0|TAMS 0x0000000082300000, 0x0000000082300000|
|  12|0x0000000082400000, 0x0000000082400000, 0x0000000082500000|  0%| F|  |TS  0|AC  0|TAMS 0x0000000082400000, 0x0000000082400000|
|  13|0x0000000082500000, 0x0000000082500000, 0x0000000082600000|  0%| F|  |TS  0|AC  0|TAMS 0x0000000082500000, 0x0000000082500000|
|  14|0x0000000082600000, 0x0000000082600000, 0x0000000082700000|  0%| F|  |TS  0|AC  0|TAMS 0x0000000082600000, 0x0000000082600000|
|  15|0x0000000082700000, 0x0000000082700000, 0x0000000082800000|  0%| F|  |TS  0|AC  0|TAMS 0x0000000082700000, 0x0000000082700000|
|  16|0x0000000082800000, 0x0000000082800000, 0x0000000082900000|  0%| F|  |TS  0|AC  0|TAMS 0x0000000082800000, 0x0000000082800000|
|  17|0x0000000082900000, 0x0000000082900000, 0x0000000082a00000|  0%| F|  |TS  0|AC  0|TAMS 0x0000000082900000, 0x0000000082900000|
|  18|0x0000000082a00000, 0x0000000082a00000, 0x0000000082b00000|  0%| F|  |TS  0|AC  0|TAMS 0x0000000082a00000, 0x0000000082a00000|
|  19|0x0000000082b00000, 0x0000000082b00000, 0x0000000082c00000|  0%| F|  |TS  0|AC  0|TAMS 0x0000000082b00000, 0x0000000082b00000|
|  20|0x0000000082c00000, 0x0000000082c00000, 0x0000000082d00000|  0%| F|  |TS  0|AC  0|TAMS 0x0000000082c00000, 0x0000000082c00000|
|  21|0x0000000082d00000, 0x0000000082d00000, 0x0000000082e00000|  0%| F|  |TS  0|AC  0|TAMS 0x0000000082d00000, 0x0000000082d00000|
|  22|0x0000000082e00000, 0x0000000082e00000, 0x0000000082f00000|  0%| F|  |TS  0|AC  0|TAMS 0x0000000082e00000, 0x0000000082e00000|
|  23|0x0000000082f00000, 0x0000000082f00000, 0x0000000083000000|  0%| F|  |TS  0|AC  0|TAMS 0x0000000082f00000, 0x0000000082f00000|
|  24|0x0000000083000000, 0x0000000083000000, 0x0000000083100000|  0%| F|  |TS  0|AC  0|TAMS 0x0000000083000000, 0x0000000083000000|
|  25|0x0000000083100000, 0x0000000083100000, 0x0000000083200000|  0%| F|  |TS  0|AC  0|TAMS 0x0000000083100000, 0x0000000083100000|
|  26|0x0000000083200000, 0x0000000083200000, 0x0000000083300000|  0%| F|  |TS  0|AC  0|TAMS 0x0000000083200000, 0x0000000083200000|
|  27|0x0000000083300000, 0x0000000083300000, 0x0000000083400000|  0%| F|  |TS  0|AC  0|TAMS 0x0000000083300000, 0x0000000083300000|
|  28|0x0000000083400000, 0x0000000083400000, 0x0000000083500000|  0%| F|  |TS  0|AC  0|TAMS 0x0000000083400000, 0x0000000083400000|
|  29|0x0000000083500000, 0x0000000083500000, 0x0000000083600000|  0%| F|  |TS  0|AC  0|TAMS 0x0000000083500000, 0x0000000083500000|
|  30|0x0000000083600000, 0x0000000083600000, 0x0000000083700000|  0%| F|  |TS  0|AC  0|TAMS 0x0000000083600000, 0x0000000083600000|
|  31|0x0000000083700000, 0x0000000083700000, 0x0000000083800000|  0%| F|  |TS  0|AC  0|TAMS 0x0000000083700000, 0x0000000083700000|
|  32|0x0000000083800000, 0x0000000083800000, 0x0000000083900000|  0%| F|  |TS  0|AC  0|TAMS 0x0000000083800000, 0x0000000083800000|
|  33|0x0000000083900000, 0x0000000083900000, 0x0000000083a00000|  0%| F|  |TS  0|AC  0|TAMS 0x0000000083900000, 0x0000000083900000|
|  34|0x0000000083a00000, 0x0000000083a00000, 0x0000000083b00000|  0%| F|  |TS  0|AC  0|TAMS 0x0000000083a00000, 0x0000000083a00000|
|  35|0x0000000083b00000, 0x0000000083b00000, 0x0000000083c00000|  0%| F|  |TS  0|AC  0|TAMS 0x0000000083b00000, 0x0000000083b00000|
|  36|0x0000000083c00000, 0x0000000083c00000, 0x0000000083d00000|  0%| F|  |TS  0|AC  0|TAMS 0x0000000083c00000, 0x0000000083c00000|
|  37|0x0000000083d00000, 0x0000000083d00000, 0x0000000083e00000|  0%| F|  |TS  0|AC  0|TAMS 0x0000000083d00000, 0x0000000083d00000|
|  38|0x0000000083e00000, 0x0000000083e00000, 0x0000000083f00000|  0%| F|  |TS  0|AC  0|TAMS 0x0000000083e00000, 0x0000000083e00000|
|  39|0x0000000083f00000, 0x0000000083f00000, 0x0000000084000000|  0%| F|  |TS  0|AC  0|TAMS 0x0000000083f00000, 0x0000000083f00000|
|  40|0x0000000084000000, 0x0000000084000000, 0x0000000084100000|  0%| F|  |TS  0|AC  0|TAMS 0x0000000084000000, 0x0000000084000000|
|  41|0x0000000084100000, 0x0000000084100000, 0x0000000084200000|  0%| F|  |TS  0|AC  0|TAMS 0x0000000084100000, 0x0000000084100000|
|  42|0x0000000084200000, 0x0000000084200000, 0x0000000084300000|  0%| F|  |TS  0|AC  0|TAMS 0x0000000084200000, 0x0000000084200000|
|  43|0x0000000084300000, 0x0000000084300000, 0x0000000084400000|  0%| F|  |TS  0|AC  0|TAMS 0x0000000084300000, 0x0000000084300000|
|  44|0x0000000084400000, 0x0000000084400000, 0x0000000084500000|  0%| F|  |TS  0|AC  0|TAMS 0x0000000084400000, 0x0000000084400000|
|  45|0x0000000084500000, 0x0000000084500000, 0x0000000084600000|  0%| F|  |TS  0|AC  0|TAMS 0x0000000084500000, 0x0000000084500000|
|  46|0x0000000084600000, 0x0000000084600000, 0x0000000084700000|  0%| F|  |TS  0|AC  0|TAMS 0x0000000084600000, 0x0000000084600000|
|  47|0x0000000084700000, 0x0000000084700000, 0x0000000084800000|  0%| F|  |TS  0|AC  0|TAMS 0x0000000084700000, 0x0000000084700000|
|  48|0x0000000084800000, 0x0000000084800000, 0x0000000084900000|  0%| F|  |TS  0|AC  0|TAMS 0x0000000084800000, 0x0000000084800000|
|  49|0x0000000084900000, 0x0000000084900000, 0x0000000084a00000|  0%| F|  |TS  0|AC  0|TAMS 0x0000000084900000, 0x0000000084900000|
|  50|0x0000000084a00000, 0x0000000084a00000, 0x0000000084b00000|  0%| F|  |TS  0|AC  0|TAMS 0x0000000084a00000, 0x0000000084a00000|
|  51|0x0000000084b00000, 0x0000000084b00000, 0x0000000084c00000|  0%| F|  |TS  0|AC  0|TAMS 0x0000000084b00000, 0x0000000084b00000|
|  52|0x0000000084c00000, 0x0000000084c00000, 0x0000000084d00000|  0%| F|  |TS  0|AC  0|TAMS 0x0000000084c00000, 0x0000000084c00000|
|  53|0x0000000084d00000, 0x0000000084d00000, 0x0000000084e00000|  0%| F|  |TS  0|AC  0|TAMS 0x0000000084d00000, 0x0000000084d00000|
|  54|0x0000000084e00000, 0x0000000084e00000, 0x0000000084f00000|  0%| F|  |TS  0|AC  0|TAMS 0x0000000084e00000, 0x0000000084e00000|
|  55|0x0000000084f00000, 0x0000000084f00000, 0x0000000085000000|  0%| F|  |TS  0|AC  0|TAMS 0x0000000084f00000, 0x0000000084f00000|
|  56|0x0000000085000000, 0x0000000085000000, 0x0000000085100000|  0%| F|  |TS  0|AC  0|TAMS 0x0000000085000000, 0x0000000085000000|
|  57|0x0000000085100000, 0x0000000085100000, 0x0000000085200000|  0%| F|  |TS  0|AC  0|TAMS 0x0000000085100000, 0x0000000085100000|
|  58|0x0000000085200000, 0x0000000085200000, 0x0000000085300000|  0%| F|  |TS  0|AC  0|TAMS 0x0000000085200000, 0x0000000085200000|
|  59|0x0000000085300000, 0x0000000085300000, 0x0000000085400000|  0%| F|  |TS  0|AC  0|TAMS 0x0000000085300000, 0x0000000085300000|
|  60|0x0000000085400000, 0x0000000085400000, 0x0000000085500000|  0%| F|  |TS  0|AC  0|TAMS 0x0000000085400000, 0x0000000085400000|
|  61|0x0000000085500000, 0x0000000085500000, 0x0000000085600000|  0%| F|  |TS  0|AC  0|TAMS 0x0000000085500000, 0x0000000085500000|
|  62|0x0000000085600000, 0x0000000085600000, 0x0000000085700000|  0%| F|  |TS  0|AC  0|TAMS 0x0000000085600000, 0x0000000085600000|
|  63|0x0000000085700000, 0x0000000085700000, 0x0000000085800000|  0%| F|  |TS  0|AC  0|TAMS 0x0000000085700000, 0x0000000085700000|
|  64|0x0000000085800000, 0x0000000085800000, 0x0000000085900000|  0%| F|  |TS  0|AC  0|TAMS 0x0000000085800000, 0x0000000085800000|
|  65|0x0000000085900000, 0x0000000085900000, 0x0000000085a00000|  0%| F|  |TS  0|AC  0|TAMS 0x0000000085900000, 0x0000000085900000|
|  66|0x0000000085a00000, 0x0000000085a00000, 0x0000000085b00000|  0%| F|  |TS  0|AC  0|TAMS 0x0000000085a00000, 0x0000000085a00000|
|  67|0x0000000085b00000, 0x0000000085b00000, 0x0000000085c00000|  0%| F|  |TS  0|AC  0|TAMS 0x0000000085b00000, 0x0000000085b00000|
|  68|0x0000000085c00000, 0x0000000085c00000, 0x0000000085d00000|  0%| F|  |TS  0|AC  0|TAMS 0x0000000085c00000, 0x0000000085c00000|
|  69|0x0000000085d00000, 0x0000000085d00000, 0x0000000085e00000|  0%| F|  |TS  0|AC  0|TAMS 0x0000000085d00000, 0x0000000085d00000|
|  70|0x0000000085e00000, 0x0000000085e00000, 0x0000000085f00000|  0%| F|  |TS  0|AC  0|TAMS 0x0000000085e00000, 0x0000000085e00000|
|  71|0x0000000085f00000, 0x0000000085f00000, 0x0000000086000000|  0%| F|  |TS  0|AC  0|TAMS 0x0000000085f00000, 0x0000000085f00000|
|  72|0x0000000086000000, 0x0000000086000000, 0x0000000086100000|  0%| F|  |TS  0|AC  0|TAMS 0x0000000086000000, 0x0000000086000000|
|  73|0x0000000086100000, 0x0000000086100000, 0x0000000086200000|  0%| F|  |TS  0|AC  0|TAMS 0x0000000086100000, 0x0000000086100000|
|  74|0x0000000086200000, 0x0000000086200000, 0x0000000086300000|  0%| F|  |TS  0|AC  0|TAMS 0x0000000086200000, 0x0000000086200000|
|  75|0x0000000086300000, 0x0000000086300000, 0x0000000086400000|  0%| F|  |TS  0|AC  0|TAMS 0x0000000086300000, 0x0000000086300000|
|  76|0x0000000086400000, 0x0000000086400000, 0x0000000086500000|  0%| F|  |TS  0|AC  0|TAMS 0x0000000086400000, 0x0000000086400000|
|  77|0x0000000086500000, 0x0000000086500000, 0x0000000086600000|  0%| F|  |TS  0|AC  0|TAMS 0x0000000086500000, 0x0000000086500000|
|  78|0x0000000086600000, 0x0000000086600000, 0x0000000086700000|  0%| F|  |TS  0|AC  0|TAMS 0x0000000086600000, 0x0000000086600000|
|  79|0x0000000086700000, 0x0000000086700000, 0x0000000086800000|  0%| F|  |TS  0|AC  0|TAMS 0x0000000086700000, 0x0000000086700000|
|  80|0x0000000086800000, 0x0000000086800000, 0x0000000086900000|  0%| F|  |TS  0|AC  0|TAMS 0x0000000086800000, 0x0000000086800000|
|  81|0x0000000086900000, 0x0000000086900000, 0x0000000086a00000|  0%| F|  |TS  0|AC  0|TAMS 0x0000000086900000, 0x0000000086900000|
|  82|0x0000000086a00000, 0x0000000086a00000, 0x0000000086b00000|  0%| F|  |TS  0|AC  0|TAMS 0x0000000086a00000, 0x0000000086a00000|
|  83|0x0000000086b00000, 0x0000000086b00000, 0x0000000086c00000|  0%| F|  |TS  0|AC  0|TAMS 0x0000000086b00000, 0x0000000086b00000|
|  84|0x0000000086c00000, 0x0000000086c00000, 0x0000000086d00000|  0%| F|  |TS  0|AC  0|TAMS 0x0000000086c00000, 0x0000000086c00000|
|  85|0x0000000086d00000, 0x0000000086d00000, 0x0000000086e00000|  0%| F|  |TS  0|AC  0|TAMS 0x0000000086d00000, 0x0000000086d00000|
|  86|0x0000000086e00000, 0x0000000086e00000, 0x0000000086f00000|  0%| F|  |TS  0|AC  0|TAMS 0x0000000086e00000, 0x0000000086e00000|
|  87|0x0000000086f00000, 0x0000000086f00000, 0x0000000087000000|  0%| F|  |TS  0|AC  0|TAMS 0x0000000086f00000, 0x0000000086f00000|
|  88|0x0000000087000000, 0x0000000087000000, 0x0000000087100000|  0%| F|  |TS  0|AC  0|TAMS 0x0000000087000000, 0x0000000087000000|
|  89|0x0000000087100000, 0x0000000087100000, 0x0000000087200000|  0%| F|  |TS  0|AC  0|TAMS 0x0000000087100000, 0x0000000087100000|
|  90|0x0000000087200000, 0x0000000087200000, 0x0000000087300000|  0%| F|  |TS  0|AC  0|TAMS 0x0000000087200000, 0x0000000087200000|
|  91|0x0000000087300000, 0x0000000087300000, 0x0000000087400000|  0%| F|  |TS  0|AC  0|TAMS 0x0000000087300000, 0x0000000087300000|
|  92|0x0000000087400000, 0x0000000087400000, 0x0000000087500000|  0%| F|  |TS  0|AC  0|TAMS 0x0000000087400000, 0x0000000087400000|
|  93|0x0000000087500000, 0x0000000087500000, 0x0000000087600000|  0%| F|  |TS  0|AC  0|TAMS 0x0000000087500000, 0x0000000087500000|
|  94|0x0000000087600000, 0x0000000087600000, 0x0000000087700000|  0%| F|  |TS  0|AC  0|TAMS 0x0000000087600000, 0x0000000087600000|
|  95|0x0000000087700000, 0x0000000087700000, 0x0000000087800000|  0%| F|  |TS  0|AC  0|TAMS 0x0000000087700000, 0x0000000087700000|
|  96|0x0000000087800000, 0x0000000087800000, 0x0000000087900000|  0%| F|  |TS  0|AC  0|TAMS 0x0000000087800000, 0x0000000087800000|
|  97|0x0000000087900000, 0x0000000087900000, 0x0000000087a00000|  0%| F|  |TS  0|AC  0|TAMS 0x0000000087900000, 0x0000000087900000|
|  98|0x0000000087a00000, 0x0000000087a00000, 0x0000000087b00000|  0%| F|  |TS  0|AC  0|TAMS 0x0000000087a00000, 0x0000000087a00000|
|  99|0x0000000087b00000, 0x0000000087b00000, 0x0000000087c00000|  0%| F|  |TS  0|AC  0|TAMS 0x0000000087b00000, 0x0000000087b00000|
| 100|0x0000000087c00000, 0x0000000087c00000, 0x0000000087d00000|  0%| F|  |TS  0|AC  0|TAMS 0x0000000087c00000, 0x0000000087c00000|
| 101|0x0000000087d00000, 0x0000000087d00000, 0x0000000087e00000|  0%| F|  |TS  0|AC  0|TAMS 0x0000000087d00000, 0x0000000087d00000|
| 102|0x0000000087e00000, 0x0000000087e00000, 0x0000000087f00000|  0%| F|  |TS  0|AC  0|TAMS 0x0000000087e00000, 0x0000000087e00000|
| 103|0x0000000087f00000, 0x0000000087f00000, 0x0000000088000000|  0%| F|  |TS  0|AC  0|TAMS 0x0000000087f00000, 0x0000000087f00000|
| 104|0x0000000088000000, 0x0000000088000000, 0x0000000088100000|  0%| F|  |TS  0|AC  0|TAMS 0x0000000088000000, 0x0000000088000000|
| 105|0x0000000088100000, 0x0000000088100000, 0x0000000088200000|  0%| F|  |TS  0|AC  0|TAMS 0x0000000088100000, 0x0000000088100000|
| 106|0x0000000088200000, 0x0000000088200000, 0x0000000088300000|  0%| F|  |TS  0|AC  0|TAMS 0x0000000088200000, 0x0000000088200000|
| 107|0x0000000088300000, 0x0000000088300000, 0x0000000088400000|  0%| F|  |TS  0|AC  0|TAMS 0x0000000088300000, 0x0000000088300000|
| 108|0x0000000088400000, 0x0000000088400000, 0x0000000088500000|  0%| F|  |TS  0|AC  0|TAMS 0x0000000088400000, 0x0000000088400000|
| 109|0x0000000088500000, 0x0000000088500000, 0x0000000088600000|  0%| F|  |TS  0|AC  0|TAMS 0x0000000088500000, 0x0000000088500000|
| 110|0x0000000088600000, 0x0000000088600000, 0x0000000088700000|  0%| F|  |TS  0|AC  0|TAMS 0x0000000088600000, 0x0000000088600000|
| 111|0x0000000088700000, 0x0000000088700000, 0x0000000088800000|  0%| F|  |TS  0|AC  0|TAMS 0x0000000088700000, 0x0000000088700000|
| 112|0x0000000088800000, 0x0000000088800000, 0x0000000088900000|  0%| F|  |TS  0|AC  0|TAMS 0x0000000088800000, 0x0000000088800000|
| 113|0x0000000088900000, 0x0000000088900000, 0x0000000088a00000|  0%| F|  |TS  0|AC  0|TAMS 0x0000000088900000, 0x0000000088900000|
| 114|0x0000000088a00000, 0x0000000088a00000, 0x0000000088b00000|  0%| F|  |TS  0|AC  0|TAMS 0x0000000088a00000, 0x0000000088a00000|
| 115|0x0000000088b00000, 0x0000000088b00000, 0x0000000088c00000|  0%| F|  |TS  0|AC  0|TAMS 0x0000000088b00000, 0x0000000088b00000|
| 116|0x0000000088c00000, 0x0000000088c00000, 0x0000000088d00000|  0%| F|  |TS  0|AC  0|TAMS 0x0000000088c00000, 0x0000000088c00000|
| 117|0x0000000088d00000, 0x0000000088d00000, 0x0000000088e00000|  0%| F|  |TS  0|AC  0|TAMS 0x0000000088d00000, 0x0000000088d00000|
| 118|0x0000000088e00000, 0x0000000088e00000, 0x0000000088f00000|  0%| F|  |TS  0|AC  0|TAMS 0x0000000088e00000, 0x0000000088e00000|
| 119|0x0000000088f00000, 0x0000000088f00000, 0x0000000089000000|  0%| F|  |TS  0|AC  0|TAMS 0x0000000088f00000, 0x0000000088f00000|
| 120|0x0000000089000000, 0x0000000089000000, 0x0000000089100000|  0%| F|  |TS  0|AC  0|TAMS 0x0000000089000000, 0x0000000089000000|
| 121|0x0000000089100000, 0x0000000089100000, 0x0000000089200000|  0%| F|  |TS  0|AC  0|TAMS 0x0000000089100000, 0x0000000089100000|
| 122|0x0000000089200000, 0x0000000089200000, 0x0000000089300000|  0%| F|  |TS  0|AC  0|TAMS 0x0000000089200000, 0x0000000089200000|
| 123|0x0000000089300000, 0x0000000089300000, 0x0000000089400000|  0%| F|  |TS  0|AC  0|TAMS 0x0000000089300000, 0x0000000089300000|
| 124|0x0000000089400000, 0x0000000089400000, 0x0000000089500000|  0%| F|  |TS  0|AC  0|TAMS 0x0000000089400000, 0x0000000089400000|
| 125|0x0000000089500000, 0x0000000089500000, 0x0000000089600000|  0%| F|  |TS  0|AC  0|TAMS 0x0000000089500000, 0x0000000089500000|
| 126|0x0000000089600000, 0x000000008968fe08, 0x0000000089700000| 56%| E|  |TS  0|AC  0|TAMS 0x0000000089600000, 0x0000000089600000|
| 127|0x0000000089700000, 0x0000000089800000, 0x0000000089800000|100%| E|CS|TS  0|AC  0|TAMS 0x0000000089700000, 0x0000000089700000|

Card table byte_map: [0x00000257f23b0000,0x00000257f27b0000] byte_map_base: 0x00000257f1fa4000

Marking Bits (Prev, Next): (CMBitMap*) 0x00000257da13f760, (CMBitMap*) 0x00000257da13f798
 Prev Bits: [0x00000257f2bb0000, 0x00000257f4b50000)
 Next Bits: [0x00000257f4b50000, 0x00000257f6af0000)

Polling page: 0x00000257da050000

CodeHeap 'non-profiled nmethods': size=120064Kb used=38Kb max_used=38Kb free=120025Kb
 bounds [0x00000257ea050000, 0x00000257ea2c0000, 0x00000257f1590000]
CodeHeap 'profiled nmethods': size=120000Kb used=172Kb max_used=174Kb free=119827Kb
 bounds [0x00000257e2b20000, 0x00000257e2d90000, 0x00000257ea050000]
CodeHeap 'non-nmethods': size=5696Kb used=1153Kb max_used=1153Kb free=4542Kb
 bounds [0x00000257e2590000, 0x00000257e2800000, 0x00000257e2b20000]
 total_blobs=464 nmethods=132 adapters=187
 compilation: enabled

Compilation events (10 events):
Event: 0.409 Thread 0x00000257f99d0800  133       3       java.lang.System::getSecurityManager (4 bytes)
Event: 0.409 Thread 0x00000257f99d0800 nmethod 133 0x00000257e2b4b510 code [0x00000257e2b4b6c0, 0x00000257e2b4b7f8]
Event: 36.467 Thread 0x00000257f99d0800  134       3       jdk.internal.math.FDBigInteger::mult (64 bytes)
Event: 36.467 Thread 0x00000257f99d0800 nmethod 134 0x00000257e2b23e10 code [0x00000257e2b23fe0, 0x00000257e2b24278]
Event: 36.467 Thread 0x00000257f99d0800  135       3       jdk.internal.math.FDBigInteger::<init> (30 bytes)
Event: 36.468 Thread 0x00000257f99d0800 nmethod 135 0x00000257e2b2d790 code [0x00000257e2b2d960, 0x00000257e2b2dbd0]
Event: 36.468 Thread 0x00000257f99d0800  136       3       jdk.internal.math.FDBigInteger::trimLeadingZeros (57 bytes)
Event: 36.468 Thread 0x00000257f99d0800 nmethod 136 0x00000257e2b4b890 code [0x00000257e2b4ba60, 0x00000257e2b4bd98]
Event: 36.468 Thread 0x00000257f99d0800  137       3       java.lang.StringBuilder::append (8 bytes)
Event: 36.468 Thread 0x00000257f99d0800 nmethod 137 0x00000257e2b20890 code [0x00000257e2b20a40, 0x00000257e2b20bf0]

GC Heap History (0 events):
No events

Deoptimization events (0 events):
No events

Classes redefined (2 events):
Event: 51.073 Thread 0x00000257f9971000 redefined class name=myMath.Polynom, count=1
Event: 710.978 Thread 0x00000257f9971000 redefined class name=myMath.Polynom, count=2

Internal exceptions (1 events):
Event: 0.368 Thread 0x00000257da09e800 Exception <a 'java/io/FileNotFoundException'{0x00000000896263d8}> (0x00000000896263d8) thrown at [t:/workspace/hotspot/src/share/vm/prims/jni.cpp, line 604]

Events (10 events):
Event: 19655.506 Executing VM operation: GetCurrentContendedMonitor done
Event: 19691.905 Executing VM operation: GetCurrentContendedMonitor
Event: 19691.906 Executing VM operation: GetCurrentContendedMonitor done
Event: 19691.906 Executing VM operation: GetOwnedMonitorInfo
Event: 19691.906 Executing VM operation: GetOwnedMonitorInfo done
Event: 19692.404 Executing VM operation: GetCurrentContendedMonitor
Event: 19692.404 Executing VM operation: GetCurrentContendedMonitor done
Event: 19692.404 Executing VM operation: GetOwnedMonitorInfo
Event: 19692.404 Executing VM operation: GetOwnedMonitorInfo done
Event: 19692.580 Executing VM operation: GetOrSetLocal


Dynamic libraries:
0x00007ff7dedf0000 - 0x00007ff7dee2e000 	C:\Program Files\Java\jre-9.0.1\bin\javaw.exe
0x00007ff82ef70000 - 0x00007ff82f151000 	C:\WINDOWS\SYSTEM32\ntdll.dll
0x00007ff82c400000 - 0x00007ff82c4b2000 	C:\WINDOWS\System32\KERNEL32.DLL
0x00007ff82be10000 - 0x00007ff82c083000 	C:\WINDOWS\System32\KERNELBASE.dll
0x00007ff82c650000 - 0x00007ff82c6f1000 	C:\WINDOWS\System32\ADVAPI32.dll
0x00007ff82da60000 - 0x00007ff82dafe000 	C:\WINDOWS\System32\msvcrt.dll
0x00007ff82caa0000 - 0x00007ff82cafb000 	C:\WINDOWS\System32\sechost.dll
0x00007ff82c960000 - 0x00007ff82ca84000 	C:\WINDOWS\System32\RPCRT4.dll
0x00007ff82c4c0000 - 0x00007ff82c650000 	C:\WINDOWS\System32\USER32.dll
0x00007ff82c2e0000 - 0x00007ff82c300000 	C:\WINDOWS\System32\win32u.dll
0x00007ff82c930000 - 0x00007ff82c958000 	C:\WINDOWS\System32\GDI32.dll
0x00007ff82c090000 - 0x00007ff82c222000 	C:\WINDOWS\System32\gdi32full.dll
0x00007ff82c360000 - 0x00007ff82c3ff000 	C:\WINDOWS\System32\msvcp_win.dll
0x00007ff82bd10000 - 0x00007ff82be0a000 	C:\WINDOWS\System32\ucrtbase.dll
0x00007ff817c30000 - 0x00007ff817e99000 	C:\WINDOWS\WinSxS\amd64_microsoft.windows.common-controls_6595b64144ccf1df_6.0.17134.345_none_fb429a5930656358\COMCTL32.dll
0x00007ff82a3b0000 - 0x00007ff82a3ba000 	C:\WINDOWS\SYSTEM32\VERSION.dll
0x00007ff82cd00000 - 0x00007ff82d023000 	C:\WINDOWS\System32\combase.dll
0x00007ff82bc90000 - 0x00007ff82bd0a000 	C:\WINDOWS\System32\bcryptPrimitives.dll
0x00007ff82d950000 - 0x00007ff82d97d000 	C:\WINDOWS\System32\IMM32.DLL
0x00007ff808870000 - 0x00007ff80895f000 	C:\Program Files\Java\jre-9.0.1\bin\msvcr120.dll
0x00007ffffc6b0000 - 0x00007ffffc756000 	C:\Program Files\Java\jre-9.0.1\bin\msvcp120.dll
0x00000000617c0000 - 0x00000000621e4000 	C:\Program Files\Java\jre-9.0.1\bin\server\jvm.dll
0x00007ff82ca90000 - 0x00007ff82ca98000 	C:\WINDOWS\System32\PSAPI.DLL
0x00007ff828ca0000 - 0x00007ff828cc3000 	C:\WINDOWS\SYSTEM32\WINMM.dll
0x00007ff817710000 - 0x00007ff817719000 	C:\WINDOWS\SYSTEM32\WSOCK32.dll
0x00007ff827f30000 - 0x00007ff827f5a000 	C:\WINDOWS\SYSTEM32\WINMMBASE.dll
0x00007ff82d9f0000 - 0x00007ff82da5c000 	C:\WINDOWS\System32\WS2_32.dll
0x00007ff82b340000 - 0x00007ff82b389000 	C:\WINDOWS\System32\cfgmgr32.dll
0x00007ff81d4a0000 - 0x00007ff81d4af000 	C:\Program Files\Java\jre-9.0.1\bin\verify.dll
0x00007ff81c7c0000 - 0x00007ff81c7e7000 	C:\Program Files\Java\jre-9.0.1\bin\java.dll
0x00007ff816940000 - 0x00007ff816976000 	C:\Program Files\Java\jre-9.0.1\bin\jdwp.dll
0x00007ff81d0b0000 - 0x00007ff81d0c6000 	C:\Program Files\Java\jre-9.0.1\bin\zip.dll
0x00007ff81d490000 - 0x00007ff81d49a000 	C:\Program Files\Java\jre-9.0.1\bin\jimage.dll
0x00007ff82db00000 - 0x00007ff82ef3f000 	C:\WINDOWS\System32\SHELL32.dll
0x00007ff82c880000 - 0x00007ff82c929000 	C:\WINDOWS\System32\shcore.dll
0x00007ff82b580000 - 0x00007ff82bc8d000 	C:\WINDOWS\System32\windows.storage.dll
0x00007ff82cb00000 - 0x00007ff82cb51000 	C:\WINDOWS\System32\shlwapi.dll
0x00007ff82b300000 - 0x00007ff82b311000 	C:\WINDOWS\System32\kernel.appcore.dll
0x00007ff82b320000 - 0x00007ff82b33f000 	C:\WINDOWS\System32\profapi.dll
0x00007ff82b290000 - 0x00007ff82b2dc000 	C:\WINDOWS\System32\powrprof.dll
0x00007ff82b280000 - 0x00007ff82b28a000 	C:\WINDOWS\System32\FLTLIB.DLL
0x00007ff81ce90000 - 0x00007ff81ceaa000 	C:\Program Files\Java\jre-9.0.1\bin\net.dll
0x00007ff823a90000 - 0x00007ff823b6c000 	C:\WINDOWS\SYSTEM32\WINHTTP.dll
0x00007ff82aaa0000 - 0x00007ff82ab06000 	C:\WINDOWS\system32\mswsock.dll
0x00007ff81cb20000 - 0x00007ff81cb31000 	C:\Program Files\Java\jre-9.0.1\bin\nio.dll
0x00007ff824f70000 - 0x00007ff824f7a000 	C:\Program Files\Java\jre-9.0.1\bin\dt_socket.dll
0x00007ff82a870000 - 0x00007ff82a92e000 	C:\WINDOWS\SYSTEM32\DNSAPI.dll
0x00007ff82d9e0000 - 0x00007ff82d9e8000 	C:\WINDOWS\System32\NSI.dll
0x00007ff82a820000 - 0x00007ff82a858000 	C:\WINDOWS\SYSTEM32\IPHLPAPI.DLL
0x00007ff823980000 - 0x00007ff8239f2000 	C:\WINDOWS\System32\fwpuclnt.dll
0x00007ff82ad80000 - 0x00007ff82ada5000 	C:\WINDOWS\SYSTEM32\bcrypt.dll
0x00007ff81f200000 - 0x00007ff81f20a000 	C:\Windows\System32\rasadhlp.dll
0x00007ff814110000 - 0x00007ff8142d9000 	C:\WINDOWS\SYSTEM32\dbghelp.dll

VM Arguments:
jvm_args: -agentlib:jdwp=transport=dt_socket,suspend=y,address=localhost:53447 -Dfile.encoding=Cp1255 
java_command: myMath.Polynom
java_class_path (initial): C:\Users\orenz\eclipse-workspace\myMath\bin
Launcher Type: SUN_STANDARD

Logging:
Log output configuration:
#0: stdout all=warning uptime,level,tags
#1: stderr all=off uptime,level,tags

Environment Variables:
PATH=C:\Program Files (x86)\Intel\iCLS Client\;C:\ProgramData\Oracle\Java\javapath;C:\Program Files\Intel\iCLS Client\;C:\WINDOWS\system32;C:\WINDOWS;C:\WINDOWS\System32\Wbem;C:\WINDOWS\System32\WindowsPowerShell\v1.0\;C:\WINDOWS\System32\OpenSSH\;C:\Program Files\Intel\WiFi\bin\;C:\Program Files\Common Files\Intel\WirelessCommon\;C:\Program Files (x86)\Intel\Intel(R) Management Engine Components\DAL;C:\Program Files\Intel\Intel(R) Management Engine Components\DAL;C:\Program Files (x86)\Intel\Intel(R) Management Engine Components\IPT;C:\Program Files\Intel\Intel(R) Management Engine Components\IPT;C:\Users\orenz\AppData\Local\Microsoft\WindowsApps;
USERNAME=orenz
OS=Windows_NT
PROCESSOR_IDENTIFIER=Intel64 Family 6 Model 142 Stepping 9, GenuineIntel



---------------  S Y S T E M  ---------------

OS: Windows 10 , 64 bit Build 17134 (10.0.17134.1)

CPU:total 4 (initial active 4) (2 cores per cpu, 2 threads per core) family 6 model 142 stepping 9, cmov, cx8, fxsr, mmx, sse, sse2, sse3, ssse3, sse4.1, sse4.2, popcnt, avx, avx2, aes, clmul, erms, 3dnowpref, lzcnt, ht, tsc, tscinvbit, bmi1, bmi2, adx, fma

Memory: 4k page, physical 8283328k(3270452k free), swap 14634176k(5781196k free)

vm_info: Java HotSpot(TM) 64-Bit Server VM (9.0.1+11) for windows-amd64 JRE (9.0.1+11), built on Sep 28 2017 04:54:03 by "mach5one" with MS VC++ 12.0 (VS2013)

END.
